<?xml version="1.0" encoding="UTF-8"?>
<!-- Generated by org.testng.reporters.JUnitReportReporter -->
<testsuite skipped="0" hostname="DESKTOP-O0BKU42" name="Test3P" tests="2" failures="0" timestamp="22 Nov 2019 16:16:31 GMT" time="2.004" errors="0">
  <testcase name="support" time="0.985" classname="Test3P"/>
  <testcase name="register" time="1.019" classname="Test3P"/>
</testsuite> <!-- Test3P -->
