<?xml version="1.0" encoding="UTF-8"?>
<!-- Generated by org.testng.reporters.JUnitReportReporter -->
<testsuite skipped="0" hostname="DESKTOP-O0BKU42" name="TestNGBefore" tests="3" failures="0" timestamp="22 Nov 2019 16:21:37 GMT" time="0.006" errors="0">
  <testcase name="thirdTest" time="0.001" classname="TestNGBefore"/>
  <testcase name="secondTest" time="0.001" classname="TestNGBefore"/>
  <testcase name="firstTest" time="0.004" classname="TestNGBefore"/>
</testsuite> <!-- TestNGBefore -->
